<?xml version="1.0" encoding="UTF-8"?>
<testng-results ignored="0" total="1" passed="1" failed="0" skipped="0">
  <reporter-output>
  </reporter-output>
  <suite started-at="2022-08-04T09:24:41 IST" name="Default suite" finished-at="2022-08-04T09:24:43 IST" duration-ms="1891">
    <groups>
    </groups>
    <test started-at="2022-08-04T09:24:41 IST" name="Default test" finished-at="2022-08-04T09:24:43 IST" duration-ms="1891">
      <class name="test.GetAndPost">
        <test-method signature="getTest()[pri:0, instance:test.GetAndPost@3c73951]" started-at="2022-08-04T09:24:41 IST" name="getTest" finished-at="2022-08-04T09:24:43 IST" duration-ms="1863" status="PASS">
          <reporter-output>
          </reporter-output>
        </test-method> <!-- getTest -->
      </class> <!-- test.GetAndPost -->
    </test> <!-- Default test -->
  </suite> <!-- Default suite -->
</testng-results>
